<?xml version="1.0" encoding="UTF-8" ?>
<testsuite errors="0" failures="0" hostname="DESKTOP-EAAQ4VP" name="test.BakersDozenTest" skipped="0" tests="9" time="0.07" timestamp="2018-03-30T15:07:18">
  <properties>
    <property name="java.vendor" value="Oracle Corporation" />
    <property name="src.test.dir" value="C:\Users\Miller\workspace\BakersDozen\test" />
    <property name="sun.java.launcher" value="SUN_STANDARD" />
    <property name="sun.management.compiler" value="HotSpot 64-Bit Tiered Compilers" />
    <property name="os.name" value="Windows 10" />
    <property name="sun.boot.class.path" value="C:\Program Files\Java\jdk1.8.0_101\jre\lib\resources.jar;C:\Program Files\Java\jdk1.8.0_101\jre\lib\rt.jar;C:\Program Files\Java\jdk1.8.0_101\jre\lib\sunrsasign.jar;C:\Program Files\Java\jdk1.8.0_101\jre\lib\jsse.jar;C:\Program Files\Java\jdk1.8.0_101\jre\lib\jce.jar;C:\Program Files\Java\jdk1.8.0_101\jre\lib\charsets.jar;C:\Program Files\Java\jdk1.8.0_101\jre\lib\jfr.jar;C:\Program Files\Java\jdk1.8.0_101\jre\classes" />
    <property name="sun.desktop" value="windows" />
    <property name="java.vm.specification.vendor" value="Oracle Corporation" />
    <property name="ant.home" value="C:\ant" />
    <property name="java.runtime.version" value="1.8.0_101-b13" />
    <property name="src.java.dir" value="C:\Users\Miller\workspace\BakersDozen\src" />
    <property name="user.name" value="Miller" />
    <property name="user.language" value="en" />
    <property name="sun.boot.library.path" value="C:\Program Files\Java\jdk1.8.0_101\jre\bin" />
    <property name="ant.project.default-target" value="test" />
    <property name="ant.project.name" value="demo" />
    <property name="java.version" value="1.8.0_101" />
    <property name="user.timezone" value="" />
    <property name="sun.arch.data.model" value="64" />
    <property name="java.endorsed.dirs" value="C:\Program Files\Java\jdk1.8.0_101\jre\lib\endorsed" />
    <property name="sun.cpu.isalist" value="amd64" />
    <property name="sun.jnu.encoding" value="Cp1252" />
    <property name="file.encoding.pkg" value="sun.io" />
    <property name="file.separator" value="\" />
    <property name="ant.file.demo" value="C:\Users\Miller\workspace\BakersDozen\build.xml" />
    <property name="java.specification.name" value="Java Platform API Specification" />
    <property name="java.class.version" value="52.0" />
    <property name="ant.file.type.demo" value="file" />
    <property name="user.country" value="US" />
    <property name="java.home" value="C:\Program Files\Java\jdk1.8.0_101\jre" />
    <property name="java.vm.info" value="mixed mode" />
    <property name="ant.file" value="C:\Users\Miller\workspace\BakersDozen\build.xml" />
    <property name="os.version" value="10.0" />
    <property name="path.separator" value=";" />
    <property name="java.vm.version" value="25.101-b13" />
    <property name="user.variant" value="" />
    <property name="ant.library.dir" value="C:\ant\lib" />
    <property name="java.awt.printerjob" value="sun.awt.windows.WPrinterJob" />
    <property name="sun.io.unicode.encoding" value="UnicodeLittle" />
    <property name="awt.toolkit" value="sun.awt.windows.WToolkit" />
    <property name="sun.stdout.encoding" value="cp437" />
    <property name="user.script" value="" />
    <property name="user.home" value="C:\Users\Miller" />
    <property name="java.specification.vendor" value="Oracle Corporation" />
    <property name="java.library.path" value="C:\Program Files\Java\jdk1.8.0_101\bin;C:\WINDOWS\Sun\Java\bin;C:\WINDOWS\system32;C:\WINDOWS;C:\ActiveTcl\bin;C:\ProgramData\Oracle\Java\javapath;C:\WINDOWS\system32;C:\WINDOWS;C:\WINDOWS\System32\Wbem;C:\WINDOWS\System32\WindowsPowerShell\v1.0\;C:\Program Files (x86)\Skype\Phone\;C:\Program Files\Microsoft SQL Server\120\Tools\Binn\;C:\Program Files\TortoiseHg\;c:\Program Files (x86)\Microsoft SQL Server\100\Tools\Binn\;c:\Program Files\Microsoft SQL Server\100\Tools\Binn\;c:\Program Files (x86)\Microsoft SQL Server\100\Tools\Binn\VSShell\Common7\IDE\;c:\Program Files (x86)\Microsoft SQL Server\100\DTS\Binn\;C:\Program Files\Java\jdk1.8.0_101\bin;C:\WINDOWS\system32\config\systemprofile\.dnx\bin;C:\Program Files\Microsoft DNX\Dnvm\;C:\Program Files\Microsoft SQL Server\130\Tools\Binn\;C:\Program Files\Git\cmd;C:\Program Files (x86)\Windows Kits\10\Windows Performance Toolkit\;C:\Program Files (x86)\Microsoft SQL Server\110\Tools\Binn\;C:\Program Files\Microsoft SQL Server\110\Tools\Binn\;C:\Program Files\Microsoft SQL Server\110\DTS\Binn\;C:\Program Files (x86)\Microsoft SQL Server\110\Tools\Binn\ManagementStudio\;C:\Program Files (x86)\Microsoft SQL Server\110\DTS\Binn\;C:\Android;C:\Windows\System32;C:\Program Files\MATLAB\R2017a\runtime\win64;C:\Program Files\MATLAB\R2017a\bin;C:\Program Files\MySQL\MySQL Utilities 1.6\;C:\Go\bin;C:\ant\bin;C:\Users\Miller\AppData\Local\Microsoft\WindowsApps;C:\Users\Miller\AppData\Local\atom\bin;C:\Program Files\Microsoft VS Code\bin;." />
    <property name="java.vendor.url" value="http://java.oracle.com/" />
    <property name="java.vm.vendor" value="Oracle Corporation" />
    <property name="java.runtime.name" value="Java(TM) SE Runtime Environment" />
    <property name="sun.java.command" value="org.apache.tools.ant.launch.Launcher" />
    <property name="java.class.path" value="C:\ant\lib\ant-launcher.jar;C:\ant\lib\ant-antlr.jar;C:\ant\lib\ant-apache-bcel.jar;C:\ant\lib\ant-apache-bsf.jar;C:\ant\lib\ant-apache-log4j.jar;C:\ant\lib\ant-apache-oro.jar;C:\ant\lib\ant-apache-regexp.jar;C:\ant\lib\ant-apache-resolver.jar;C:\ant\lib\ant-apache-xalan2.jar;C:\ant\lib\ant-commons-logging.jar;C:\ant\lib\ant-commons-net.jar;C:\ant\lib\ant-jai.jar;C:\ant\lib\ant-javamail.jar;C:\ant\lib\ant-jdepend.jar;C:\ant\lib\ant-jmf.jar;C:\ant\lib\ant-jsch.jar;C:\ant\lib\ant-junit.jar;C:\ant\lib\ant-junit4.jar;C:\ant\lib\ant-junitlauncher.jar;C:\ant\lib\ant-launcher.jar;C:\ant\lib\ant-netrexx.jar;C:\ant\lib\ant-swing.jar;C:\ant\lib\ant-testutil.jar;C:\ant\lib\ant-xz.jar;C:\ant\lib\ant.jar;C:\Program Files\Java\jdk1.8.0_101\lib\tools.jar" />
    <property name="ant.version" value="Apache Ant(TM) version 1.10.3 compiled on March 24 2018" />
    <property name="java.vm.specification.name" value="Java Virtual Machine Specification" />
    <property name="ant.file.type" value="file" />
    <property name="target.classes.test.dir" value="C:\Users\Miller\workspace\BakersDozen\bin\test\classes" />
    <property name="java.vm.specification.version" value="1.8" />
    <property name="sun.cpu.endian" value="little" />
    <property name="sun.os.patch.level" value="" />
    <property name="java.io.tmpdir" value="C:\Users\Miller\AppData\Local\Temp\" />
    <property name="java.vendor.url.bug" value="http://bugreport.sun.com/bugreport/" />
    <property name="os.arch" value="amd64" />
    <property name="java.awt.graphicsenv" value="sun.awt.Win32GraphicsEnvironment" />
    <property name="java.ext.dirs" value="C:\Program Files\Java\jdk1.8.0_101\jre\lib\ext;C:\WINDOWS\Sun\Java\lib\ext" />
    <property name="target.report.dir" value="C:\Users\Miller\workspace\BakersDozen\reports" />
    <property name="user.dir" value="C:\Users\Miller\workspace\BakersDozen" />
    <property name="target.classes.java.dir" value="C:\Users\Miller\workspace\BakersDozen\bin\classes" />
    <property name="line.separator" value="&#xd;&#xa;" />
    <property name="java.vm.name" value="Java HotSpot(TM) 64-Bit Server VM" />
    <property name="basedir" value="C:\Users\Miller\workspace\BakersDozen" />
    <property name="ant.java.version" value="1.8" />
    <property name="ant.core.lib" value="C:\ant\lib\ant.jar" />
    <property name="file.encoding" value="Cp1252" />
    <property name="sun.stderr.encoding" value="cp437" />
    <property name="target.dir" value="C:\Users\Miller\workspace\BakersDozen\bin" />
    <property name="java.specification.version" value="1.8" />
    <property name="src.dir" value="C:\Users\Miller\workspace\BakersDozen" />
    <property name="ant.project.invoked-targets" value="test" />
  </properties>
  <testcase classname="test.BakersDozenTest" name="test1" time="0.01" />
  <testcase classname="test.BakersDozenTest" name="test2" time="0.0" />
  <testcase classname="test.BakersDozenTest" name="test3" time="0.001" />
  <testcase classname="test.BakersDozenTest" name="test4" time="0.001" />
  <testcase classname="test.BakersDozenTest" name="test5" time="0.0" />
  <testcase classname="test.BakersDozenTest" name="test6" time="0.001" />
  <testcase classname="test.BakersDozenTest" name="test7" time="0.0" />
  <testcase classname="test.BakersDozenTest" name="test8" time="0.001" />
  <testcase classname="test.BakersDozenTest" name="test9" time="0.0" />
  <system-out><![CDATA[deck size=52
deck size=0
deck size=52
deck size=0
deck size=52
deck size=0
deck size=52
deck size=0
deck size=52
deck size=0
deck size=52
deck size=0
deck size=52
deck size=0
deck size=52
deck size=0
deck size=52
deck size=0
]]></system-out>
  <system-err><![CDATA[]]></system-err>
</testsuite>
